<?xml version="1.0" encoding="UTF-8"?>
<!-- Generated by org.testng.reporters.JUnitReportReporter -->
<testsuite skipped="0" hostname="LAPTOP-7FP2565D" name="Testcases.TC_001" tests="1" failures="0" timestamp="05 Jan 2019 20:44:12 GMT" time="8.346" errors="0">
  <testcase name="testcase1" time="8.346" classname="Testcases.TC_001"/>
</testsuite> <!-- Testcases.TC_001 -->
